This file contains any messages produced by compilers while
running configure, to aid debugging if configure makes a mistake.

It was created by SuperTux configure 0.1.3, which was
generated by GNU Autoconf 2.69.  Invocation command line was

  $ ./configure --host=arm-unknown-nto-qnx8.0.0.eabi --with-sdl-prefix=/home/joshua/Downloads/SDL-emulate/bb10_prefix/ --prefix=/home/joshua/Downloads/SDL-emulate/bb10_prefix/

## --------- ##
## Platform. ##
## --------- ##

hostname = cow
uname -m = x86_64
uname -r = 3.6.5-1-ARCH
uname -s = Linux
uname -v = #1 SMP PREEMPT Wed Oct 31 20:57:39 CET 2012

/usr/bin/uname -p = unknown
/bin/uname -X     = unknown

/bin/arch              = unknown
/usr/bin/arch -k       = unknown
/usr/convex/getsysinfo = unknown
/usr/bin/hostinfo      = unknown
/bin/machine           = unknown
/usr/bin/oslevel       = unknown
/bin/universe          = unknown

PATH: /hddhome/joshua/bb10dk/host_10_0_9_52/linux/x86/usr/bin
PATH: /home/joshua/.rim/bbndk/bin
PATH: /hddhome/joshua/bb10dk/ide/linux/x86/eclipse/jre/bin
PATH: /usr/local/bin
PATH: /usr/bin
PATH: /bin
PATH: /usr/local/sbin
PATH: /usr/sbin
PATH: /sbin
PATH: /opt/kde/bin
PATH: /usr/bin/vendor_perl
PATH: /usr/bin/core_perl
PATH: /opt/qt/bin
PATH: /home/joshua/Dropbox/Etc/Configuration


## ----------- ##
## Core tests. ##
## ----------- ##

configure:2266: checking build system type
configure:2280: result: x86_64-unknown-linux-gnu
configure:2300: checking host system type
configure:2313: result: arm-unknown-nto-qnx8.0.0.eabi
configure:2333: checking target system type
configure:2346: result: arm-unknown-nto-qnx8.0.0.eabi
configure:2388: checking for a BSD-compatible install
configure:2456: result: /usr/bin/install -c
configure:2467: checking whether build environment is sane
configure:2522: result: yes
configure:2581: checking for arm-unknown-nto-qnx8.0.0.eabi-strip
configure:2611: result: no
configure:2621: checking for strip
configure:2637: found /usr/bin/strip
configure:2648: result: strip
configure:2673: checking for a thread-safe mkdir -p
configure:2712: result: /usr/bin/mkdir -p
configure:2719: checking for gawk
configure:2735: found /usr/bin/gawk
configure:2746: result: gawk
configure:2757: checking whether make sets $(MAKE)
configure:2779: result: yes
configure:2876: checking for arm-unknown-nto-qnx8.0.0.eabi-gcc
configure:2903: result: qcc -Vgcc_ntoarmv7le
configure:3172: checking for C compiler version
configure:3181: qcc -Vgcc_ntoarmv7le --version >&5
cc: unknown option: '--version'
configure:3192: $? = 1
configure:3181: qcc -Vgcc_ntoarmv7le -v >&5
cc: looking for gcc_ntoarmv7le in /hddhome/joshua/bb10dk/host_10_0_9_52/linux/x86/etc/qcc/gcc/4.6.3/gcc_ntoarmv7le++.conf
cc: looking for gcc_ntoarmv7le in /hddhome/joshua/bb10dk/host_10_0_9_52/linux/x86/etc/qcc/gcc/4.6.3/gcc_ntoarmv7le.conf
cc: no files to process
configure:3192: $? = 1
configure:3181: qcc -Vgcc_ntoarmv7le -V >&5
cc: targets available in /hddhome/joshua/bb10dk/host_10_0_9_52/linux/x86/etc/qcc:
	4.6.3,gcc_ntox86_gpp	
	4.6.3,gcc_ntoarmv7le	
	4.6.3,gcc_ntoarmv7le_cpp-ne	
	4.6.3,gcc_ntox86_cpp	
	4.6.3,gcc_ntoarmv7le_gpp	
	4.6.3,gcc_ntoarmv7le_cpp	
	4.6.3,gcc_ntox86	(default)
	4.6.3,gcc_ntox86_cpp-ne	
configure:3192: $? = 0
configure:3181: qcc -Vgcc_ntoarmv7le -qversion >&5
cc: unknown option: '-qversion'
configure:3192: $? = 1
configure:3212: checking whether the C compiler works
configure:3234: qcc -Vgcc_ntoarmv7le -O3  -lm conftest.c  >&5
configure:3238: $? = 0
configure:3286: result: yes
configure:3289: checking for C compiler default output file name
configure:3291: result: a.out
configure:3297: checking for suffix of executables
configure:3304: qcc -Vgcc_ntoarmv7le -o conftest -O3  -lm conftest.c  >&5
configure:3308: $? = 0
configure:3330: result: 
configure:3352: checking whether we are cross compiling
configure:3360: qcc -Vgcc_ntoarmv7le -o conftest -O3  -lm conftest.c  >&5
configure:3364: $? = 0
configure:3371: ./conftest
./configure: line 3373: ./conftest: cannot execute binary file
configure:3375: $? = 126
configure:3390: result: yes
configure:3395: checking for suffix of object files
configure:3417: qcc -Vgcc_ntoarmv7le -c -O3  conftest.c >&5
configure:3421: $? = 0
configure:3442: result: o
configure:3446: checking whether we are using the GNU C compiler
configure:3465: qcc -Vgcc_ntoarmv7le -c -O3  conftest.c >&5
configure:3465: $? = 0
configure:3474: result: yes
configure:3483: checking whether qcc -Vgcc_ntoarmv7le accepts -g
configure:3503: qcc -Vgcc_ntoarmv7le -c -g  conftest.c >&5
configure:3503: $? = 0
configure:3544: result: yes
configure:3561: checking for qcc -Vgcc_ntoarmv7le option to accept ISO C89
configure:3624: qcc -Vgcc_ntoarmv7le  -c -O3  conftest.c >&5
configure:3624: $? = 0
configure:3637: result: none needed
configure:3668: checking for style of include used by make
configure:3696: result: GNU
configure:3722: checking dependency style of qcc -Vgcc_ntoarmv7le
configure:3833: result: gcc
configure:3960: checking for C++ compiler version
configure:3969: QCC -Vgcc_ntoarmv7le --version >&5
cc: unknown option: '--version'
configure:3980: $? = 1
configure:3969: QCC -Vgcc_ntoarmv7le -v >&5
cc: looking for gcc_ntoarmv7le in /hddhome/joshua/bb10dk/host_10_0_9_52/linux/x86/etc/qcc/gcc/4.6.3/gcc_ntoarmv7le++.conf
cc: looking for gcc_ntoarmv7le in /hddhome/joshua/bb10dk/host_10_0_9_52/linux/x86/etc/qcc/gcc/4.6.3/gcc_ntoarmv7le.conf
cc: no files to process
configure:3980: $? = 1
configure:3969: QCC -Vgcc_ntoarmv7le -V >&5
cc: targets available in /hddhome/joshua/bb10dk/host_10_0_9_52/linux/x86/etc/qcc:
	4.6.3,gcc_ntox86_gpp	
	4.6.3,gcc_ntoarmv7le	
	4.6.3,gcc_ntoarmv7le_cpp-ne	
	4.6.3,gcc_ntox86_cpp	
	4.6.3,gcc_ntoarmv7le_gpp	
	4.6.3,gcc_ntoarmv7le_cpp	
	4.6.3,gcc_ntox86	(default)
	4.6.3,gcc_ntox86_cpp-ne	
configure:3980: $? = 0
configure:3969: QCC -Vgcc_ntoarmv7le -qversion >&5
cc: unknown option: '-qversion'
configure:3980: $? = 1
configure:3984: checking whether we are using the GNU C++ compiler
configure:4003: QCC -Vgcc_ntoarmv7le -c   conftest.cpp >&5
configure:4003: $? = 0
configure:4012: result: yes
configure:4021: checking whether QCC -Vgcc_ntoarmv7le accepts -g
configure:4041: QCC -Vgcc_ntoarmv7le -c -g  conftest.cpp >&5
configure:4041: $? = 0
configure:4082: result: yes
configure:4107: checking dependency style of QCC -Vgcc_ntoarmv7le
configure:4218: result: gcc
configure:4239: checking for dirent.h that defines DIR
configure:4258: qcc -Vgcc_ntoarmv7le -c -O3  conftest.c >&5
configure:4258: $? = 0
configure:4266: result: yes
configure:4279: checking for library containing opendir
configure:4310: qcc -Vgcc_ntoarmv7le -o conftest -O3  -lm conftest.c  >&5
configure:4310: $? = 0
configure:4327: result: none required
configure:4399: checking how to run the C preprocessor
configure:4430: qcc -Vgcc_ntoarmv7le -E  conftest.c
configure:4430: $? = 0
configure:4444: qcc -Vgcc_ntoarmv7le -E  conftest.c
conftest.c:12:28: fatal error: ac_nonexistent.h: No such file or directory
compilation terminated.
cc: /hddhome/joshua/bb10dk/host_10_0_9_52/linux/x86/usr/lib/gcc/arm-unknown-nto-qnx8.0.0eabi/4.6.3/cc1 error 1
configure:4444: $? = 1
configure: failed program was:
| /* confdefs.h */
| #define PACKAGE_NAME "SuperTux"
| #define PACKAGE_TARNAME "supertux"
| #define PACKAGE_VERSION "0.1.3"
| #define PACKAGE_STRING "SuperTux 0.1.3"
| #define PACKAGE_BUGREPORT ""
| #define PACKAGE_URL ""
| #define PACKAGE "supertux"
| #define VERSION "0.1.3"
| #define HAVE_DIRENT_H 1
| /* end confdefs.h.  */
| #include <ac_nonexistent.h>
configure:4469: result: qcc -Vgcc_ntoarmv7le -E
configure:4489: qcc -Vgcc_ntoarmv7le -E  conftest.c
configure:4489: $? = 0
configure:4503: qcc -Vgcc_ntoarmv7le -E  conftest.c
conftest.c:12:28: fatal error: ac_nonexistent.h: No such file or directory
compilation terminated.
cc: /hddhome/joshua/bb10dk/host_10_0_9_52/linux/x86/usr/lib/gcc/arm-unknown-nto-qnx8.0.0eabi/4.6.3/cc1 error 1
configure:4503: $? = 1
configure: failed program was:
| /* confdefs.h */
| #define PACKAGE_NAME "SuperTux"
| #define PACKAGE_TARNAME "supertux"
| #define PACKAGE_VERSION "0.1.3"
| #define PACKAGE_STRING "SuperTux 0.1.3"
| #define PACKAGE_BUGREPORT ""
| #define PACKAGE_URL ""
| #define PACKAGE "supertux"
| #define VERSION "0.1.3"
| #define HAVE_DIRENT_H 1
| /* end confdefs.h.  */
| #include <ac_nonexistent.h>
configure:4532: checking for grep that handles long lines and -e
configure:4590: result: /usr/bin/grep
configure:4595: checking for egrep
configure:4657: result: /usr/bin/grep -E
configure:4662: checking for ANSI C header files
configure:4682: qcc -Vgcc_ntoarmv7le -c -O3  conftest.c >&5
configure:4682: $? = 0
configure:4766: result: yes
configure:4779: checking for sys/types.h
configure:4779: qcc -Vgcc_ntoarmv7le -c -O3  conftest.c >&5
configure:4779: $? = 0
configure:4779: result: yes
configure:4779: checking for sys/stat.h
configure:4779: qcc -Vgcc_ntoarmv7le -c -O3  conftest.c >&5
configure:4779: $? = 0
configure:4779: result: yes
configure:4779: checking for stdlib.h
configure:4779: qcc -Vgcc_ntoarmv7le -c -O3  conftest.c >&5
configure:4779: $? = 0
configure:4779: result: yes
configure:4779: checking for string.h
configure:4779: qcc -Vgcc_ntoarmv7le -c -O3  conftest.c >&5
configure:4779: $? = 0
configure:4779: result: yes
configure:4779: checking for memory.h
configure:4779: qcc -Vgcc_ntoarmv7le -c -O3  conftest.c >&5
configure:4779: $? = 0
configure:4779: result: yes
configure:4779: checking for strings.h
configure:4779: qcc -Vgcc_ntoarmv7le -c -O3  conftest.c >&5
configure:4779: $? = 0
configure:4779: result: yes
configure:4779: checking for inttypes.h
configure:4779: qcc -Vgcc_ntoarmv7le -c -O3  conftest.c >&5
configure:4779: $? = 0
configure:4779: result: yes
configure:4779: checking for stdint.h
configure:4779: qcc -Vgcc_ntoarmv7le -c -O3  conftest.c >&5
configure:4779: $? = 0
configure:4779: result: yes
configure:4779: checking for unistd.h
configure:4779: qcc -Vgcc_ntoarmv7le -c -O3  conftest.c >&5
configure:4779: $? = 0
configure:4779: result: yes
configure:4793: checking for unistd.h
configure:4793: result: yes
configure:4804: checking for an ANSI C-conforming const
configure:4870: qcc -Vgcc_ntoarmv7le -c -O3  conftest.c >&5
configure:4870: $? = 0
configure:4877: result: yes
configure:4887: checking for gprof mode
configure:4901: result: disabled
configure:4905: checking for debug mode
configure:4919: result: disabled
configure:4923: checking wether OpenGL should be used
configure:4933: result: yes
configure:4981: checking for sdl-config
configure:5012: result: /home/joshua/Downloads/SDL-emulate/bb10_prefix//bin/sdl-config
configure:5021: checking for SDL - version >= 1.2.4
configure:5120: result: yes
configure:5205: checking for X
configure:5313: qcc -Vgcc_ntoarmv7le -E  conftest.c
conftest.c:25:22: fatal error: X11/Xlib.h: No such file or directory
compilation terminated.
cc: /hddhome/joshua/bb10dk/host_10_0_9_52/linux/x86/usr/lib/gcc/arm-unknown-nto-qnx8.0.0eabi/4.6.3/cc1 error 1
configure:5313: $? = 1
configure: failed program was:
| /* confdefs.h */
| #define PACKAGE_NAME "SuperTux"
| #define PACKAGE_TARNAME "supertux"
| #define PACKAGE_VERSION "0.1.3"
| #define PACKAGE_STRING "SuperTux 0.1.3"
| #define PACKAGE_BUGREPORT ""
| #define PACKAGE_URL ""
| #define PACKAGE "supertux"
| #define VERSION "0.1.3"
| #define HAVE_DIRENT_H 1
| #define STDC_HEADERS 1
| #define HAVE_SYS_TYPES_H 1
| #define HAVE_SYS_STAT_H 1
| #define HAVE_STDLIB_H 1
| #define HAVE_STRING_H 1
| #define HAVE_MEMORY_H 1
| #define HAVE_STRINGS_H 1
| #define HAVE_INTTYPES_H 1
| #define HAVE_STDINT_H 1
| #define HAVE_UNISTD_H 1
| #define HAVE_UNISTD_H 1
| #define HAVE_LIBSDL_MIXER 1
| #define HAVE_LIBSDL_IMAGE 1
| /* end confdefs.h.  */
| #include <X11/Xlib.h>
configure:5344: qcc -Vgcc_ntoarmv7le -o conftest -O3 -I/home/joshua/Downloads/SDL-emulate/bb10_prefix/include/SDL -D_GNU_SOURCE=1  -lm conftest.c -lX11 -lSDL_image -lSDL_mixer  -L/home/joshua/Downloads/SDL-emulate/bb10_prefix/lib -lSDL >&5
conftest.c:25:22: fatal error: X11/Xlib.h: No such file or directory
compilation terminated.
cc: /hddhome/joshua/bb10dk/host_10_0_9_52/linux/x86/usr/lib/gcc/arm-unknown-nto-qnx8.0.0eabi/4.6.3/cc1 error 1
configure:5344: $? = 1
configure: failed program was:
| /* confdefs.h */
| #define PACKAGE_NAME "SuperTux"
| #define PACKAGE_TARNAME "supertux"
| #define PACKAGE_VERSION "0.1.3"
| #define PACKAGE_STRING "SuperTux 0.1.3"
| #define PACKAGE_BUGREPORT ""
| #define PACKAGE_URL ""
| #define PACKAGE "supertux"
| #define VERSION "0.1.3"
| #define HAVE_DIRENT_H 1
| #define STDC_HEADERS 1
| #define HAVE_SYS_TYPES_H 1
| #define HAVE_SYS_STAT_H 1
| #define HAVE_STDLIB_H 1
| #define HAVE_STRING_H 1
| #define HAVE_MEMORY_H 1
| #define HAVE_STRINGS_H 1
| #define HAVE_INTTYPES_H 1
| #define HAVE_STDINT_H 1
| #define HAVE_UNISTD_H 1
| #define HAVE_UNISTD_H 1
| #define HAVE_LIBSDL_MIXER 1
| #define HAVE_LIBSDL_IMAGE 1
| /* end confdefs.h.  */
| #include <X11/Xlib.h>
| int
| main ()
| {
| XrmInitialize ()
|   ;
|   return 0;
| }
configure:5394: result: libraries /usr/lib, headers /usr/include
configure:5562: checking for the pthreads library -lpthreads
configure:5595: qcc -Vgcc_ntoarmv7le -o conftest -O3 -I/home/joshua/Downloads/SDL-emulate/bb10_prefix/include/SDL -D_GNU_SOURCE=1   -lm conftest.c -lpthreads -lSDL_image -lSDL_mixer  -L/home/joshua/Downloads/SDL-emulate/bb10_prefix/lib -lSDL >&5
/hddhome/joshua/bb10dk/host_10_0_9_52/linux/x86/usr/bin/ntoarm-ld: cannot find -lpthreads
cc: /hddhome/joshua/bb10dk/host_10_0_9_52/linux/x86/usr/bin/ntoarm-ld error 1
configure:5595: $? = 1
configure: failed program was:
| /* confdefs.h */
| #define PACKAGE_NAME "SuperTux"
| #define PACKAGE_TARNAME "supertux"
| #define PACKAGE_VERSION "0.1.3"
| #define PACKAGE_STRING "SuperTux 0.1.3"
| #define PACKAGE_BUGREPORT ""
| #define PACKAGE_URL ""
| #define PACKAGE "supertux"
| #define VERSION "0.1.3"
| #define HAVE_DIRENT_H 1
| #define STDC_HEADERS 1
| #define HAVE_SYS_TYPES_H 1
| #define HAVE_SYS_STAT_H 1
| #define HAVE_STDLIB_H 1
| #define HAVE_STRING_H 1
| #define HAVE_MEMORY_H 1
| #define HAVE_STRINGS_H 1
| #define HAVE_INTTYPES_H 1
| #define HAVE_STDINT_H 1
| #define HAVE_UNISTD_H 1
| #define HAVE_UNISTD_H 1
| #define HAVE_LIBSDL_MIXER 1
| #define HAVE_LIBSDL_IMAGE 1
| /* end confdefs.h.  */
| #include <pthread.h>
| int
| main ()
| {
| pthread_t th; pthread_join(th, 0);
|                      pthread_attr_init(0); pthread_cleanup_push(0, 0);
|                      pthread_create(0,0,0,0); pthread_cleanup_pop(0);
|   ;
|   return 0;
| }
configure:5604: result: no
configure:5507: checking whether pthreads work without any flags
configure:5595: qcc -Vgcc_ntoarmv7le -o conftest -O3 -I/home/joshua/Downloads/SDL-emulate/bb10_prefix/include/SDL -D_GNU_SOURCE=1   -lm conftest.c  -lSDL_image -lSDL_mixer  -L/home/joshua/Downloads/SDL-emulate/bb10_prefix/lib -lSDL >&5
configure:5595: $? = 0
configure:5604: result: yes
configure:5624: checking for joinable pthread attribute
configure:5637: qcc -Vgcc_ntoarmv7le -o conftest -O3 -I/home/joshua/Downloads/SDL-emulate/bb10_prefix/include/SDL -D_GNU_SOURCE=1   -lm conftest.c  -lSDL_image -lSDL_mixer  -L/home/joshua/Downloads/SDL-emulate/bb10_prefix/lib -lSDL >&5
configure:5637: $? = 0
configure:5669: result: PTHREAD_CREATE_JOINABLE
configure:5676: checking if more special flags are required for pthreads
configure:5683: result: no
configure:5695: checking for cc_r
configure:5723: result: qcc -Vgcc_ntoarmv7le
configure:5799: checking windows.h usability
configure:5799: qcc -Vgcc_ntoarmv7le -c -O3 -I/home/joshua/Downloads/SDL-emulate/bb10_prefix/include/SDL -D_GNU_SOURCE=1  conftest.c >&5
conftest.c:59:21: fatal error: windows.h: No such file or directory
compilation terminated.
cc: /hddhome/joshua/bb10dk/host_10_0_9_52/linux/x86/usr/lib/gcc/arm-unknown-nto-qnx8.0.0eabi/4.6.3/cc1 error 1
configure:5799: $? = 1
configure: failed program was:
| /* confdefs.h */
| #define PACKAGE_NAME "SuperTux"
| #define PACKAGE_TARNAME "supertux"
| #define PACKAGE_VERSION "0.1.3"
| #define PACKAGE_STRING "SuperTux 0.1.3"
| #define PACKAGE_BUGREPORT ""
| #define PACKAGE_URL ""
| #define PACKAGE "supertux"
| #define VERSION "0.1.3"
| #define HAVE_DIRENT_H 1
| #define STDC_HEADERS 1
| #define HAVE_SYS_TYPES_H 1
| #define HAVE_SYS_STAT_H 1
| #define HAVE_STDLIB_H 1
| #define HAVE_STRING_H 1
| #define HAVE_MEMORY_H 1
| #define HAVE_STRINGS_H 1
| #define HAVE_INTTYPES_H 1
| #define HAVE_STDINT_H 1
| #define HAVE_UNISTD_H 1
| #define HAVE_UNISTD_H 1
| #define HAVE_LIBSDL_MIXER 1
| #define HAVE_LIBSDL_IMAGE 1
| #define HAVE_PTHREAD 1
| /* end confdefs.h.  */
| #include <stdio.h>
| #ifdef HAVE_SYS_TYPES_H
| # include <sys/types.h>
| #endif
| #ifdef HAVE_SYS_STAT_H
| # include <sys/stat.h>
| #endif
| #ifdef STDC_HEADERS
| # include <stdlib.h>
| # include <stddef.h>
| #else
| # ifdef HAVE_STDLIB_H
| #  include <stdlib.h>
| # endif
| #endif
| #ifdef HAVE_STRING_H
| # if !defined STDC_HEADERS && defined HAVE_MEMORY_H
| #  include <memory.h>
| # endif
| # include <string.h>
| #endif
| #ifdef HAVE_STRINGS_H
| # include <strings.h>
| #endif
| #ifdef HAVE_INTTYPES_H
| # include <inttypes.h>
| #endif
| #ifdef HAVE_STDINT_H
| # include <stdint.h>
| #endif
| #ifdef HAVE_UNISTD_H
| # include <unistd.h>
| #endif
| #include <windows.h>
configure:5799: result: no
configure:5799: checking windows.h presence
configure:5799: qcc -Vgcc_ntoarmv7le -E  conftest.c
conftest.c:26:21: fatal error: windows.h: No such file or directory
compilation terminated.
cc: /hddhome/joshua/bb10dk/host_10_0_9_52/linux/x86/usr/lib/gcc/arm-unknown-nto-qnx8.0.0eabi/4.6.3/cc1 error 1
configure:5799: $? = 1
configure: failed program was:
| /* confdefs.h */
| #define PACKAGE_NAME "SuperTux"
| #define PACKAGE_TARNAME "supertux"
| #define PACKAGE_VERSION "0.1.3"
| #define PACKAGE_STRING "SuperTux 0.1.3"
| #define PACKAGE_BUGREPORT ""
| #define PACKAGE_URL ""
| #define PACKAGE "supertux"
| #define VERSION "0.1.3"
| #define HAVE_DIRENT_H 1
| #define STDC_HEADERS 1
| #define HAVE_SYS_TYPES_H 1
| #define HAVE_SYS_STAT_H 1
| #define HAVE_STDLIB_H 1
| #define HAVE_STRING_H 1
| #define HAVE_MEMORY_H 1
| #define HAVE_STRINGS_H 1
| #define HAVE_INTTYPES_H 1
| #define HAVE_STDINT_H 1
| #define HAVE_UNISTD_H 1
| #define HAVE_UNISTD_H 1
| #define HAVE_LIBSDL_MIXER 1
| #define HAVE_LIBSDL_IMAGE 1
| #define HAVE_PTHREAD 1
| /* end confdefs.h.  */
| #include <windows.h>
configure:5799: result: no
configure:5799: checking for windows.h
configure:5799: result: no
configure:5810: checking for OpenGL library
configure:5844: qcc -Vgcc_ntoarmv7le -o conftest -O3 -I/home/joshua/Downloads/SDL-emulate/bb10_prefix/include/SDL -D_GNU_SOURCE=1 -I/usr/include   -lm conftest.c -lopengl32 -L/usr/lib -lX11  -lm -lSDL_image -lSDL_mixer  -L/home/joshua/Downloads/SDL-emulate/bb10_prefix/lib -lSDL >&5
In file included from /hddhome/joshua/bb10dk/target_10_0_9_386/qnx6/usr/include/stddef.h:25:0,
                 from /usr/include/GL/glext.h:6144,
                 from /usr/include/GL/gl.h:2085,
                 from conftest.c:30:
/hddhome/joshua/bb10dk/target_10_0_9_386/qnx6/usr/include/sys/platform.h:172:4: error: #error This version of XOPEN_SOURCE is not supported
In file included from /usr/include/GL/glext.h:6144:0,
                 from /usr/include/GL/gl.h:2085,
                 from conftest.c:30:
/hddhome/joshua/bb10dk/target_10_0_9_386/qnx6/usr/include/stddef.h:38:1: error: expected '=', ',', ';', 'asm' or '__attribute__' before 'typedef'
In file included from /usr/include/GL/gl.h:2085:0,
                 from conftest.c:30:
/usr/include/GL/glext.h:6147:1: error: expected '=', ',', ';', 'asm' or '__attribute__' before 'typedef'
In file included from /usr/include/GL/gl.h:2085:0,
                 from conftest.c:30:
/usr/include/GL/glext.h:6233:1: error: unknown type name 'GLchar'
In file included from /usr/include/GL/gl.h:2085:0,
                 from conftest.c:30:
/usr/include/GL/glext.h:6237:1: error: unknown type name 'GLchar'
/usr/include/GL/glext.h:6241:1: error: unknown type name 'GLchar'
/usr/include/GL/glext.h:6671:1: error: unknown type name 'GLchar'
/usr/include/GL/glext.h:6680:143: error: unknown type name 'GLchar'
/usr/include/GL/glext.h:6681:144: error: unknown type name 'GLchar'
/usr/include/GL/glext.h:6683:1: error: unknown type name 'GLchar'
/usr/include/GL/glext.h:6685:104: error: unknown type name 'GLchar'
/usr/include/GL/glext.h:6687:102: error: unknown type name 'GLchar'
/usr/include/GL/glext.h:6688:101: error: unknown type name 'GLchar'
/usr/include/GL/glext.h:6689:1: error: unknown type name 'GLchar'
/usr/include/GL/glext.h:6699:1: error: unknown type name 'GLchar'
/usr/include/GL/glext.h:6854:1: error: unknown type name 'GLchar'
/usr/include/GL/glext.h:6855:157: error: unknown type name 'GLchar'
/usr/include/GL/glext.h:6883:1: error: unknown type name 'GLchar'
/usr/include/GL/glext.h:6884:1: error: unknown type name 'GLchar'
/usr/include/GL/glext.h:7758:1: error: unknown type name 'GLchar'
/usr/include/GL/glext.h:7760:128: error: unknown type name 'GLchar'
/usr/include/GL/glext.h:7761:1: error: unknown type name 'GLchar'
/usr/include/GL/glext.h:7763:138: error: unknown type name 'GLchar'
/usr/include/GL/glext.h:7899:1: error: unknown type name 'GLchar'
/usr/include/GL/glext.h:7899:1: error: unknown type name 'GLchar'
/usr/include/GL/glext.h:7900:1: error: unknown type name 'GLchar'
/usr/include/GL/glext.h:7901:1: error: unknown type name 'GLchar'
/usr/include/GL/glext.h:7902:1: error: unknown type name 'GLchar'
/usr/include/GL/glext.h:7903:1: error: unknown type name 'GLchar'
/usr/include/GL/glext.h:7903:124: error: unknown type name 'GLchar'
/usr/include/GL/glext.h:7904:1: error: unknown type name 'GLchar'
/usr/include/GL/glext.h:7917:1: error: unknown type name 'GLchar'
/usr/include/GL/glext.h:7918:1: error: unknown type name 'GLchar'
/usr/include/GL/glext.h:8137:1: error: unknown type name 'GLchar'
/usr/include/GL/glext.h:8138:1: error: unknown type name 'GLchar'
/usr/include/GL/glext.h:8140:150: error: unknown type name 'GLchar'
/usr/include/GL/glext.h:8141:143: error: unknown type name 'GLchar'
/usr/include/GL/glext.h:8289:1: error: unknown type name 'GLchar'
/usr/include/GL/glext.h:8346:113: error: unknown type name 'GLchar'
/usr/include/GL/glext.h:8418:1: error: unknown type name 'GLchar'
/usr/include/GL/glext.h:8420:174: error: unknown type name 'GLchar'
/usr/include/GL/glext.h:8578:1: error: unknown type name 'GLchar'
/usr/include/GL/glext.h:8580:171: error: unknown type name 'GLchar'
/usr/include/GL/glext.h:8581:1: error: unknown type name 'GLchar'
/usr/include/GL/glext.h:8583:1: error: unknown type name 'GLchar'
/usr/include/GL/glext.h:8584:117: error: unknown type name 'GLchar'
/usr/include/GL/glext.h:8585:1: error: unknown type name 'GLchar'
/usr/include/GL/glext.h:8586:105: error: unknown type name 'GLchar'
In file included from /usr/include/GL/gl.h:2085:0,
                 from conftest.c:30:
/usr/include/GL/glext.h:8740:1: error: unknown type name 'GLchar'
/usr/include/GL/glext.h:8741:148: error: unknown type name 'GLchar'
/usr/include/GL/glext.h:8743:1: error: unknown type name 'GLchar'
/usr/include/GL/glext.h:8744:1: error: unknown type name 'GLchar'
/usr/include/GL/glext.h:11315:1: error: unknown type name 'GLchar'
/usr/include/GL/glext.h:11316:1: error: unknown type name 'GLchar'
/usr/include/GL/glext.h:11450:1: error: unknown type name 'GLchar'
/usr/include/GL/glext.h:11451:1: error: unknown type name 'GLchar'
/usr/include/GL/glext.h:11452:148: error: unknown type name 'GLchar'
/usr/include/GL/glext.h:11539:1: error: unknown type name 'GLchar'
/usr/include/GL/glext.h:11540:160: error: unknown type name 'GLchar'
/usr/include/GL/glext.h:12022:113: error: unknown type name 'GLchar'
/usr/include/GL/glext.h:12023:131: error: unknown type name 'GLchar'
/usr/include/GL/glext.h:12178:1: error: unknown type name 'GLchar'
/usr/include/GL/glext.h:12466:1: error: unknown type name 'GLchar'
/usr/include/GL/glext.h:12468:162: error: unknown type name 'GLchar'
cc: /hddhome/joshua/bb10dk/host_10_0_9_52/linux/x86/usr/lib/gcc/arm-unknown-nto-qnx8.0.0eabi/4.6.3/cc1 error 1
configure:5844: $? = 1
configure: failed program was:
| /* confdefs.h */
| #define PACKAGE_NAME "SuperTux"
| #define PACKAGE_TARNAME "supertux"
| #define PACKAGE_VERSION "0.1.3"
| #define PACKAGE_STRING "SuperTux 0.1.3"
| #define PACKAGE_BUGREPORT ""
| #define PACKAGE_URL ""
| #define PACKAGE "supertux"
| #define VERSION "0.1.3"
| #define HAVE_DIRENT_H 1
| #define STDC_HEADERS 1
| #define HAVE_SYS_TYPES_H 1
| #define HAVE_SYS_STAT_H 1
| #define HAVE_STDLIB_H 1
| #define HAVE_STRING_H 1
| #define HAVE_MEMORY_H 1
| #define HAVE_STRINGS_H 1
| #define HAVE_INTTYPES_H 1
| #define HAVE_STDINT_H 1
| #define HAVE_UNISTD_H 1
| #define HAVE_UNISTD_H 1
| #define HAVE_LIBSDL_MIXER 1
| #define HAVE_LIBSDL_IMAGE 1
| #define HAVE_PTHREAD 1
| /* end confdefs.h.  */
| 
| # if HAVE_WINDOWS_H && defined(_WIN32)
| #   include <windows.h>
| # endif
| # include <GL/gl.h>
| 
| int
| main ()
| {
| glBegin(0)
|   ;
|   return 0;
| }
configure:5844: qcc -Vgcc_ntoarmv7le -o conftest -O3 -I/home/joshua/Downloads/SDL-emulate/bb10_prefix/include/SDL -D_GNU_SOURCE=1 -I/usr/include   -lm conftest.c -lGL -L/usr/lib -lX11  -lm -lSDL_image -lSDL_mixer  -L/home/joshua/Downloads/SDL-emulate/bb10_prefix/lib -lSDL >&5
In file included from /hddhome/joshua/bb10dk/target_10_0_9_386/qnx6/usr/include/stddef.h:25:0,
                 from /usr/include/GL/glext.h:6144,
                 from /usr/include/GL/gl.h:2085,
                 from conftest.c:30:
/hddhome/joshua/bb10dk/target_10_0_9_386/qnx6/usr/include/sys/platform.h:172:4: error: #error This version of XOPEN_SOURCE is not supported
In file included from /usr/include/GL/glext.h:6144:0,
                 from /usr/include/GL/gl.h:2085,
                 from conftest.c:30:
/hddhome/joshua/bb10dk/target_10_0_9_386/qnx6/usr/include/stddef.h:38:1: error: expected '=', ',', ';', 'asm' or '__attribute__' before 'typedef'
In file included from /usr/include/GL/gl.h:2085:0,
                 from conftest.c:30:
/usr/include/GL/glext.h:6147:1: error: expected '=', ',', ';', 'asm' or '__attribute__' before 'typedef'
In file included from /usr/include/GL/gl.h:2085:0,
                 from conftest.c:30:
/usr/include/GL/glext.h:6233:1: error: unknown type name 'GLchar'
In file included from /usr/include/GL/gl.h:2085:0,
                 from conftest.c:30:
/usr/include/GL/glext.h:6237:1: error: unknown type name 'GLchar'
/usr/include/GL/glext.h:6241:1: error: unknown type name 'GLchar'
/usr/include/GL/glext.h:6671:1: error: unknown type name 'GLchar'
/usr/include/GL/glext.h:6680:143: error: unknown type name 'GLchar'
/usr/include/GL/glext.h:6681:144: error: unknown type name 'GLchar'
/usr/include/GL/glext.h:6683:1: error: unknown type name 'GLchar'
/usr/include/GL/glext.h:6685:104: error: unknown type name 'GLchar'
/usr/include/GL/glext.h:6687:102: error: unknown type name 'GLchar'
/usr/include/GL/glext.h:6688:101: error: unknown type name 'GLchar'
/usr/include/GL/glext.h:6689:1: error: unknown type name 'GLchar'
/usr/include/GL/glext.h:6699:1: error: unknown type name 'GLchar'
/usr/include/GL/glext.h:6854:1: error: unknown type name 'GLchar'
/usr/include/GL/glext.h:6855:157: error: unknown type name 'GLchar'
/usr/include/GL/glext.h:6883:1: error: unknown type name 'GLchar'
/usr/include/GL/glext.h:6884:1: error: unknown type name 'GLchar'
/usr/include/GL/glext.h:7758:1: error: unknown type name 'GLchar'
/usr/include/GL/glext.h:7760:128: error: unknown type name 'GLchar'
/usr/include/GL/glext.h:7761:1: error: unknown type name 'GLchar'
/usr/include/GL/glext.h:7763:138: error: unknown type name 'GLchar'
/usr/include/GL/glext.h:7899:1: error: unknown type name 'GLchar'
/usr/include/GL/glext.h:7899:1: error: unknown type name 'GLchar'
/usr/include/GL/glext.h:7900:1: error: unknown type name 'GLchar'
/usr/include/GL/glext.h:7901:1: error: unknown type name 'GLchar'
/usr/include/GL/glext.h:7902:1: error: unknown type name 'GLchar'
/usr/include/GL/glext.h:7903:1: error: unknown type name 'GLchar'
/usr/include/GL/glext.h:7903:124: error: unknown type name 'GLchar'
/usr/include/GL/glext.h:7904:1: error: unknown type name 'GLchar'
/usr/include/GL/glext.h:7917:1: error: unknown type name 'GLchar'
/usr/include/GL/glext.h:7918:1: error: unknown type name 'GLchar'
/usr/include/GL/glext.h:8137:1: error: unknown type name 'GLchar'
/usr/include/GL/glext.h:8138:1: error: unknown type name 'GLchar'
/usr/include/GL/glext.h:8140:150: error: unknown type name 'GLchar'
/usr/include/GL/glext.h:8141:143: error: unknown type name 'GLchar'
/usr/include/GL/glext.h:8289:1: error: unknown type name 'GLchar'
/usr/include/GL/glext.h:8346:113: error: unknown type name 'GLchar'
/usr/include/GL/glext.h:8418:1: error: unknown type name 'GLchar'
/usr/include/GL/glext.h:8420:174: error: unknown type name 'GLchar'
/usr/include/GL/glext.h:8578:1: error: unknown type name 'GLchar'
/usr/include/GL/glext.h:8580:171: error: unknown type name 'GLchar'
/usr/include/GL/glext.h:8581:1: error: unknown type name 'GLchar'
/usr/include/GL/glext.h:8583:1: error: unknown type name 'GLchar'
/usr/include/GL/glext.h:8584:117: error: unknown type name 'GLchar'
/usr/include/GL/glext.h:8585:1: error: unknown type name 'GLchar'
/usr/include/GL/glext.h:8586:105: error: unknown type name 'GLchar'
In file included from /usr/include/GL/gl.h:2085:0,
                 from conftest.c:30:
/usr/include/GL/glext.h:8740:1: error: unknown type name 'GLchar'
/usr/include/GL/glext.h:8741:148: error: unknown type name 'GLchar'
/usr/include/GL/glext.h:8743:1: error: unknown type name 'GLchar'
/usr/include/GL/glext.h:8744:1: error: unknown type name 'GLchar'
/usr/include/GL/glext.h:11315:1: error: unknown type name 'GLchar'
/usr/include/GL/glext.h:11316:1: error: unknown type name 'GLchar'
/usr/include/GL/glext.h:11450:1: error: unknown type name 'GLchar'
/usr/include/GL/glext.h:11451:1: error: unknown type name 'GLchar'
/usr/include/GL/glext.h:11452:148: error: unknown type name 'GLchar'
/usr/include/GL/glext.h:11539:1: error: unknown type name 'GLchar'
/usr/include/GL/glext.h:11540:160: error: unknown type name 'GLchar'
/usr/include/GL/glext.h:12022:113: error: unknown type name 'GLchar'
/usr/include/GL/glext.h:12023:131: error: unknown type name 'GLchar'
/usr/include/GL/glext.h:12178:1: error: unknown type name 'GLchar'
/usr/include/GL/glext.h:12466:1: error: unknown type name 'GLchar'
/usr/include/GL/glext.h:12468:162: error: unknown type name 'GLchar'
cc: /hddhome/joshua/bb10dk/host_10_0_9_52/linux/x86/usr/lib/gcc/arm-unknown-nto-qnx8.0.0eabi/4.6.3/cc1 error 1
configure:5844: $? = 1
configure: failed program was:
| /* confdefs.h */
| #define PACKAGE_NAME "SuperTux"
| #define PACKAGE_TARNAME "supertux"
| #define PACKAGE_VERSION "0.1.3"
| #define PACKAGE_STRING "SuperTux 0.1.3"
| #define PACKAGE_BUGREPORT ""
| #define PACKAGE_URL ""
| #define PACKAGE "supertux"
| #define VERSION "0.1.3"
| #define HAVE_DIRENT_H 1
| #define STDC_HEADERS 1
| #define HAVE_SYS_TYPES_H 1
| #define HAVE_SYS_STAT_H 1
| #define HAVE_STDLIB_H 1
| #define HAVE_STRING_H 1
| #define HAVE_MEMORY_H 1
| #define HAVE_STRINGS_H 1
| #define HAVE_INTTYPES_H 1
| #define HAVE_STDINT_H 1
| #define HAVE_UNISTD_H 1
| #define HAVE_UNISTD_H 1
| #define HAVE_LIBSDL_MIXER 1
| #define HAVE_LIBSDL_IMAGE 1
| #define HAVE_PTHREAD 1
| /* end confdefs.h.  */
| 
| # if HAVE_WINDOWS_H && defined(_WIN32)
| #   include <windows.h>
| # endif
| # include <GL/gl.h>
| 
| int
| main ()
| {
| glBegin(0)
|   ;
|   return 0;
| }
configure:5853: result: no
configure:5897: checking for mkdir
configure:5897: qcc -Vgcc_ntoarmv7le -o conftest -O3 -I/home/joshua/Downloads/SDL-emulate/bb10_prefix/include/SDL -D_GNU_SOURCE=1  -lm conftest.c -lz -lSDL_image -lSDL_mixer  -L/home/joshua/Downloads/SDL-emulate/bb10_prefix/lib -lSDL >&5
configure:5897: $? = 0
configure:5897: result: yes
configure:5897: checking for strdup
configure:5897: qcc -Vgcc_ntoarmv7le -o conftest -O3 -I/home/joshua/Downloads/SDL-emulate/bb10_prefix/include/SDL -D_GNU_SOURCE=1  -lm conftest.c -lz -lSDL_image -lSDL_mixer  -L/home/joshua/Downloads/SDL-emulate/bb10_prefix/lib -lSDL >&5
conftest.c:51:6: warning: conflicting types for built-in function 'strdup' [enabled by default]
configure:5897: $? = 0
configure:5897: result: yes
configure:5897: checking for strstr
configure:5897: qcc -Vgcc_ntoarmv7le -o conftest -O3 -I/home/joshua/Downloads/SDL-emulate/bb10_prefix/include/SDL -D_GNU_SOURCE=1  -lm conftest.c -lz -lSDL_image -lSDL_mixer  -L/home/joshua/Downloads/SDL-emulate/bb10_prefix/lib -lSDL >&5
conftest.c:52:6: warning: conflicting types for built-in function 'strstr' [enabled by default]
configure:5897: $? = 0
configure:5897: result: yes
configure:6054: checking that generated files are newer than configure
configure:6060: result: done
configure:6087: creating ./config.status

## ---------------------- ##
## Running config.status. ##
## ---------------------- ##

This file was extended by SuperTux config.status 0.1.3, which was
generated by GNU Autoconf 2.69.  Invocation command line was

  CONFIG_FILES    = 
  CONFIG_HEADERS  = 
  CONFIG_LINKS    = 
  CONFIG_COMMANDS = 
  $ ./config.status 

on cow

config.status:803: creating Makefile
config.status:803: creating src/Makefile
config.status:911: WARNING:  'src/Makefile.in' seems to ignore the --datarootdir setting
config.status:803: creating data/Makefile
config.status:975: executing depfiles commands

## ---------------- ##
## Cache variables. ##
## ---------------- ##

ac_cv_build=x86_64-unknown-linux-gnu
ac_cv_c_compiler_gnu=yes
ac_cv_c_const=yes
ac_cv_cxx_compiler_gnu=yes
ac_cv_env_CCC_set=
ac_cv_env_CCC_value=
ac_cv_env_CC_set=set
ac_cv_env_CC_value='qcc -Vgcc_ntoarmv7le'
ac_cv_env_CFLAGS_set=set
ac_cv_env_CFLAGS_value=-O3
ac_cv_env_CPPFLAGS_set=
ac_cv_env_CPPFLAGS_value=
ac_cv_env_CPP_set=
ac_cv_env_CPP_value=
ac_cv_env_CXXFLAGS_set=
ac_cv_env_CXXFLAGS_value=
ac_cv_env_CXX_set=set
ac_cv_env_CXX_value='QCC -Vgcc_ntoarmv7le'
ac_cv_env_LDFLAGS_set=set
ac_cv_env_LDFLAGS_value=-lm
ac_cv_env_LIBS_set=
ac_cv_env_LIBS_value=
ac_cv_env_XMKMF_set=
ac_cv_env_XMKMF_value=
ac_cv_env_build_alias_set=
ac_cv_env_build_alias_value=
ac_cv_env_host_alias_set=set
ac_cv_env_host_alias_value=arm-unknown-nto-qnx8.0.0.eabi
ac_cv_env_target_alias_set=
ac_cv_env_target_alias_value=
ac_cv_func_mkdir=yes
ac_cv_func_strdup=yes
ac_cv_func_strstr=yes
ac_cv_have_x='have_x=yes	ac_x_includes='\''/usr/include'\''	ac_x_libraries='\''/usr/lib'\'''
ac_cv_header_dirent_dirent_h=yes
ac_cv_header_inttypes_h=yes
ac_cv_header_memory_h=yes
ac_cv_header_stdc=yes
ac_cv_header_stdint_h=yes
ac_cv_header_stdlib_h=yes
ac_cv_header_string_h=yes
ac_cv_header_strings_h=yes
ac_cv_header_sys_stat_h=yes
ac_cv_header_sys_types_h=yes
ac_cv_header_unistd_h=yes
ac_cv_header_windows_h=no
ac_cv_host=arm-unknown-nto-qnx8.0.0.eabi
ac_cv_objext=o
ac_cv_path_EGREP='/usr/bin/grep -E'
ac_cv_path_GREP=/usr/bin/grep
ac_cv_path_SDL_CONFIG=/home/joshua/Downloads/SDL-emulate/bb10_prefix//bin/sdl-config
ac_cv_path_install='/usr/bin/install -c'
ac_cv_path_mkdir=/usr/bin/mkdir
ac_cv_prog_AWK=gawk
ac_cv_prog_CC='qcc -Vgcc_ntoarmv7le'
ac_cv_prog_CPP='qcc -Vgcc_ntoarmv7le -E'
ac_cv_prog_PTHREAD_CC='qcc -Vgcc_ntoarmv7le'
ac_cv_prog_ac_ct_STRIP=strip
ac_cv_prog_cc_c89=
ac_cv_prog_cc_g=yes
ac_cv_prog_cxx_g=yes
ac_cv_prog_make_make_set=yes
ac_cv_search_opendir='none required'
ac_cv_target=arm-unknown-nto-qnx8.0.0.eabi
am_cv_CC_dependencies_compiler_type=gcc
am_cv_CXX_dependencies_compiler_type=gcc
ax_cv_check_gl_libgl=no

## ----------------- ##
## Output variables. ##
## ----------------- ##

ACLOCAL='${SHELL} /home/joshua/Downloads/supertux-0.1.3/missing --run aclocal-1.12'
AMDEPBACKSLASH='\'
AMDEP_FALSE='#'
AMDEP_TRUE=''
AMTAR='$${TAR-tar}'
AUTOCONF='${SHELL} /home/joshua/Downloads/supertux-0.1.3/missing --run autoconf'
AUTOHEADER='${SHELL} /home/joshua/Downloads/supertux-0.1.3/missing --run autoheader'
AUTOMAKE='${SHELL} /home/joshua/Downloads/supertux-0.1.3/missing --run automake-1.12'
AWK='gawk'
CC='qcc -Vgcc_ntoarmv7le'
CCDEPMODE='depmode=gcc'
CFLAGS='-O3 -I/home/joshua/Downloads/SDL-emulate/bb10_prefix/include/SDL -D_GNU_SOURCE=1'
CPP='qcc -Vgcc_ntoarmv7le -E'
CPPFLAGS=''
CXX='QCC -Vgcc_ntoarmv7le'
CXXDEPMODE='depmode=gcc'
CXXFLAGS='-g -O2 -I/home/joshua/Downloads/SDL-emulate/bb10_prefix/include/SDL -D_GNU_SOURCE=1 -DNOOPENGL -DDATA_PREFIX='\''"${datarootdir}/supertux"'\'''
CYGPATH_W='echo'
DEFS='-DPACKAGE_NAME=\"SuperTux\" -DPACKAGE_TARNAME=\"supertux\" -DPACKAGE_VERSION=\"0.1.3\" -DPACKAGE_STRING=\"SuperTux\ 0.1.3\" -DPACKAGE_BUGREPORT=\"\" -DPACKAGE_URL=\"\" -DPACKAGE=\"supertux\" -DVERSION=\"0.1.3\" -DHAVE_DIRENT_H=1 -DSTDC_HEADERS=1 -DHAVE_SYS_TYPES_H=1 -DHAVE_SYS_STAT_H=1 -DHAVE_STDLIB_H=1 -DHAVE_STRING_H=1 -DHAVE_MEMORY_H=1 -DHAVE_STRINGS_H=1 -DHAVE_INTTYPES_H=1 -DHAVE_STDINT_H=1 -DHAVE_UNISTD_H=1 -DHAVE_UNISTD_H=1 -DHAVE_LIBSDL_MIXER=1 -DHAVE_LIBSDL_IMAGE=1 -DHAVE_PTHREAD=1 -DHAVE_LIBZ=1 -DHAVE_MKDIR=1 -DHAVE_STRDUP=1 -DHAVE_STRSTR=1'
DEPDIR='.deps'
ECHO_C=''
ECHO_N='-n'
ECHO_T=''
EGREP='/usr/bin/grep -E'
EXEEXT=''
GL_CFLAGS=''
GL_LIBS=''
GREP='/usr/bin/grep'
INSTALL_DATA='${INSTALL} -m 644'
INSTALL_PROGRAM='${INSTALL}'
INSTALL_SCRIPT='${INSTALL}'
INSTALL_STRIP_PROGRAM='$(install_sh) -c -s'
LDFLAGS='-lm'
LIBOBJS=''
LIBS='-lz -lSDL_image -lSDL_mixer  -L/home/joshua/Downloads/SDL-emulate/bb10_prefix/lib -lSDL'
LTLIBOBJS=''
MAKEINFO='${SHELL} /home/joshua/Downloads/supertux-0.1.3/missing --run makeinfo'
MKDIR_P='/usr/bin/mkdir -p'
OBJEXT='o'
PACKAGE='supertux'
PACKAGE_BUGREPORT=''
PACKAGE_NAME='SuperTux'
PACKAGE_STRING='SuperTux 0.1.3'
PACKAGE_TARNAME='supertux'
PACKAGE_URL=''
PACKAGE_VERSION='0.1.3'
PATH_SEPARATOR=':'
PTHREAD_CC='qcc -Vgcc_ntoarmv7le'
PTHREAD_CFLAGS=''
PTHREAD_LIBS=''
SDL_CFLAGS='-I/home/joshua/Downloads/SDL-emulate/bb10_prefix/include/SDL -D_GNU_SOURCE=1'
SDL_CONFIG='/home/joshua/Downloads/SDL-emulate/bb10_prefix//bin/sdl-config'
SDL_LIBS='-L/home/joshua/Downloads/SDL-emulate/bb10_prefix/lib -lSDL'
SET_MAKE=''
SHELL='/bin/sh'
STRIP='strip'
VERSION='0.1.3'
XMKMF=''
ac_ct_CC=''
ac_ct_CXX=''
acx_pthread_config=''
am__EXEEXT_FALSE=''
am__EXEEXT_TRUE='#'
am__fastdepCC_FALSE=''
am__fastdepCC_TRUE='#'
am__fastdepCXX_FALSE=''
am__fastdepCXX_TRUE='#'
am__include='include'
am__isrc=''
am__leading_dot='.'
am__nodep='_no'
am__quote=''
am__tar='$${TAR-tar} chof - "$$tardir"'
am__untar='$${TAR-tar} xf -'
bindir='${exec_prefix}/bin'
build='x86_64-unknown-linux-gnu'
build_alias=''
build_cpu='x86_64'
build_os='linux-gnu'
build_vendor='unknown'
datadir='${datarootdir}'
datarootdir='${prefix}/share'
docdir='${datarootdir}/doc/${PACKAGE_TARNAME}'
dvidir='${docdir}'
exec_prefix='${prefix}'
host='arm-unknown-nto-qnx8.0.0.eabi'
host_alias='arm-unknown-nto-qnx8.0.0.eabi'
host_cpu='arm'
host_os='nto-qnx8.0.0.eabi'
host_vendor='unknown'
htmldir='${docdir}'
includedir='${prefix}/include'
infodir='${datarootdir}/info'
install_sh='${SHELL} /home/joshua/Downloads/supertux-0.1.3/install-sh'
libdir='${exec_prefix}/lib'
libexecdir='${exec_prefix}/libexec'
localedir='${datarootdir}/locale'
localstatedir='${prefix}/var'
mandir='${datarootdir}/man'
mkdir_p='$(MKDIR_P)'
oldincludedir='/usr/include'
pdfdir='${docdir}'
prefix='/home/joshua/Downloads/SDL-emulate/bb10_prefix'
program_transform_name='s,x,x,'
psdir='${docdir}'
sbindir='${exec_prefix}/sbin'
sharedstatedir='${prefix}/com'
sysconfdir='${prefix}/etc'
target='arm-unknown-nto-qnx8.0.0.eabi'
target_alias=''
target_cpu='arm'
target_os='nto-qnx8.0.0.eabi'
target_vendor='unknown'

## ----------- ##
## confdefs.h. ##
## ----------- ##

/* confdefs.h */
#define PACKAGE_NAME "SuperTux"
#define PACKAGE_TARNAME "supertux"
#define PACKAGE_VERSION "0.1.3"
#define PACKAGE_STRING "SuperTux 0.1.3"
#define PACKAGE_BUGREPORT ""
#define PACKAGE_URL ""
#define PACKAGE "supertux"
#define VERSION "0.1.3"
#define HAVE_DIRENT_H 1
#define STDC_HEADERS 1
#define HAVE_SYS_TYPES_H 1
#define HAVE_SYS_STAT_H 1
#define HAVE_STDLIB_H 1
#define HAVE_STRING_H 1
#define HAVE_MEMORY_H 1
#define HAVE_STRINGS_H 1
#define HAVE_INTTYPES_H 1
#define HAVE_STDINT_H 1
#define HAVE_UNISTD_H 1
#define HAVE_UNISTD_H 1
#define HAVE_LIBSDL_MIXER 1
#define HAVE_LIBSDL_IMAGE 1
#define HAVE_PTHREAD 1
#define HAVE_LIBZ 1
#define HAVE_MKDIR 1
#define HAVE_STRDUP 1
#define HAVE_STRSTR 1

configure: exit 0

## ---------------------- ##
## Running config.status. ##
## ---------------------- ##

This file was extended by SuperTux config.status 0.1.3, which was
generated by GNU Autoconf 2.69.  Invocation command line was

  CONFIG_FILES    = 
  CONFIG_HEADERS  = 
  CONFIG_LINKS    = 
  CONFIG_COMMANDS = 
  $ ./config.status 

on localhost

config.status:803: creating Makefile
config.status:803: creating src/Makefile
config.status:911: WARNING:  'src/Makefile.in' seems to ignore the --datarootdir setting
config.status:789: error: cannot find input file: `data/Makefile.in'
